0 info it worked if it ends with ok
1 verbose cli [ 'C:\\Users\\Damien\\AppData\\Local\\.meteor\\packages\\meteor-tool\\1.3.2_4\\mt-os.windows.x86_32\\dev_bundle\\bin\\\\node.exe',
1 verbose cli   'C:\\Users\\Damien\\AppData\\Local\\.meteor\\packages\\meteor-tool\\1.3.2_4\\mt-os.windows.x86_32\\dev_bundle\\lib\\node_modules\\npm\\bin\\npm-cli.js',
1 verbose cli   'install',
1 verbose cli   '--save',
1 verbose cli   'className' ]
2 info using npm@2.14.22
3 info using node@v0.10.43
4 verbose install initial load of C:\Users\Damien\Desktop\meteor\ReactMeteor\package.json
5 verbose installManyTop reading scoped package data from C:\Users\Damien\Desktop\meteor\ReactMeteor\node_modules\classnames\package.json
6 verbose installManyTop reading scoped package data from C:\Users\Damien\Desktop\meteor\ReactMeteor\node_modules\externalify\package.json
7 verbose installManyTop reading scoped package data from C:\Users\Damien\Desktop\meteor\ReactMeteor\node_modules\flash-notification-react-redux\package.json
8 verbose installManyTop reading scoped package data from C:\Users\Damien\Desktop\meteor\ReactMeteor\node_modules\jquery\package.json
9 verbose installManyTop reading scoped package data from C:\Users\Damien\Desktop\meteor\ReactMeteor\node_modules\material-ui\package.json
10 verbose installManyTop reading scoped package data from C:\Users\Damien\Desktop\meteor\ReactMeteor\node_modules\meteor-node-stubs\package.json
11 verbose installManyTop reading scoped package data from C:\Users\Damien\Desktop\meteor\ReactMeteor\node_modules\react\package.json
12 verbose installManyTop reading scoped package data from C:\Users\Damien\Desktop\meteor\ReactMeteor\node_modules\react-addons-create-fragment\package.json
13 verbose installManyTop reading scoped package data from C:\Users\Damien\Desktop\meteor\ReactMeteor\node_modules\react-addons-css-transition-group\package.json
14 verbose installManyTop reading scoped package data from C:\Users\Damien\Desktop\meteor\ReactMeteor\node_modules\react-addons-pure-render-mixin\package.json
15 verbose installManyTop reading scoped package data from C:\Users\Damien\Desktop\meteor\ReactMeteor\node_modules\react-dom\package.json
16 verbose installManyTop reading scoped package data from C:\Users\Damien\Desktop\meteor\ReactMeteor\node_modules\react-material-notification\package.json
17 verbose installManyTop reading scoped package data from C:\Users\Damien\Desktop\meteor\ReactMeteor\node_modules\react-mixin\package.json
18 verbose installManyTop reading scoped package data from C:\Users\Damien\Desktop\meteor\ReactMeteor\node_modules\react-notification\package.json
19 verbose installManyTop reading scoped package data from C:\Users\Damien\Desktop\meteor\ReactMeteor\node_modules\react-redux\package.json
20 verbose installManyTop reading scoped package data from C:\Users\Damien\Desktop\meteor\ReactMeteor\node_modules\react-redux-toastr\package.json
21 verbose installManyTop reading scoped package data from C:\Users\Damien\Desktop\meteor\ReactMeteor\node_modules\react-router\package.json
22 verbose installManyTop reading scoped package data from C:\Users\Damien\Desktop\meteor\ReactMeteor\node_modules\react-router-redux\package.json
23 verbose installManyTop reading scoped package data from C:\Users\Damien\Desktop\meteor\ReactMeteor\node_modules\react-tap-event-plugin\package.json
24 verbose installManyTop reading scoped package data from C:\Users\Damien\Desktop\meteor\ReactMeteor\node_modules\react-toastr\package.json
25 verbose installManyTop reading scoped package data from C:\Users\Damien\Desktop\meteor\ReactMeteor\node_modules\redux\package.json
26 verbose installManyTop reading scoped package data from C:\Users\Damien\Desktop\meteor\ReactMeteor\node_modules\redux-form\package.json
27 verbose installManyTop reading scoped package data from C:\Users\Damien\Desktop\meteor\ReactMeteor\node_modules\redux-logger\package.json
28 verbose installManyTop reading scoped package data from C:\Users\Damien\Desktop\meteor\ReactMeteor\node_modules\redux-thunk\package.json
29 verbose installManyTop reading scoped package data from C:\Users\Damien\Desktop\meteor\ReactMeteor\node_modules\toastr\package.json
30 verbose installManyTop reading scoped package data from C:\Users\Damien\Desktop\meteor\ReactMeteor\node_modules\validator\package.json
31 info package.json externalify@0.1.0 license should be a valid SPDX license expression
32 info package.json react-material-notification@1.2.2 No repository field.
33 info package.json react-tap-event-plugin@1.0.0 No license field.
34 info package.json toastr@2.1.2 No license field.
35 verbose readDependencies loading dependencies from C:\Users\Damien\Desktop\meteor\ReactMeteor\package.json
36 silly cache add args [ 'className', null ]
37 verbose cache add spec className
38 silly cache add parsed spec { raw: 'className',
38 silly cache add   scope: null,
38 silly cache add   name: 'className',
38 silly cache add   rawSpec: '',
38 silly cache add   spec: 'latest',
38 silly cache add   type: 'tag' }
39 silly addNamed className@latest
40 verbose addNamed "latest" is being treated as a dist-tag for className
41 info addNameTag [ 'className', 'latest' ]
42 silly mapToRegistry name className
43 silly mapToRegistry using default registry
44 silly mapToRegistry registry https://registry.npmjs.org/
45 silly mapToRegistry uri https://registry.npmjs.org/className
46 verbose addNameTag registry:https://registry.npmjs.org/className not in flight; fetching
47 verbose request uri https://registry.npmjs.org/className
48 verbose request no auth needed
49 info attempt registry request try #1 at 23:25:03
50 verbose request id a5cedada60ba5c32
51 http request GET https://registry.npmjs.org/className
52 http 404 https://registry.npmjs.org/className
53 verbose headers { 'content-type': 'application/json',
53 verbose headers   'cache-control': 'max-age=0',
53 verbose headers   'content-length': '2',
53 verbose headers   'accept-ranges': 'bytes',
53 verbose headers   date: 'Mon, 30 May 2016 21:25:02 GMT',
53 verbose headers   via: '1.1 varnish',
53 verbose headers   age: '0',
53 verbose headers   connection: 'keep-alive',
53 verbose headers   'x-served-by': 'cache-fra1232-FRA',
53 verbose headers   'x-cache': 'MISS',
53 verbose headers   'x-cache-hits': '0',
53 verbose headers   'x-timer': 'S1464643501.694763,VS0,VE749',
53 verbose headers   vary: 'Accept-Encoding' }
54 silly get cb [ 404,
54 silly get   { 'content-type': 'application/json',
54 silly get     'cache-control': 'max-age=0',
54 silly get     'content-length': '2',
54 silly get     'accept-ranges': 'bytes',
54 silly get     date: 'Mon, 30 May 2016 21:25:02 GMT',
54 silly get     via: '1.1 varnish',
54 silly get     age: '0',
54 silly get     connection: 'keep-alive',
54 silly get     'x-served-by': 'cache-fra1232-FRA',
54 silly get     'x-cache': 'MISS',
54 silly get     'x-cache-hits': '0',
54 silly get     'x-timer': 'S1464643501.694763,VS0,VE749',
54 silly get     vary: 'Accept-Encoding' } ]
55 verbose stack Error: Registry returned 404 for GET on https://registry.npmjs.org/className
55 verbose stack     at makeError (C:\Users\Damien\AppData\Local\.meteor\packages\meteor-tool\1.3.2_4\mt-os.windows.x86_32\dev_bundle\lib\node_modules\npm\node_modules\npm-registry-client\lib\request.js:264:12)
55 verbose stack     at CachingRegistryClient.<anonymous> (C:\Users\Damien\AppData\Local\.meteor\packages\meteor-tool\1.3.2_4\mt-os.windows.x86_32\dev_bundle\lib\node_modules\npm\node_modules\npm-registry-client\lib\request.js:242:14)
55 verbose stack     at Request._callback (C:\Users\Damien\AppData\Local\.meteor\packages\meteor-tool\1.3.2_4\mt-os.windows.x86_32\dev_bundle\lib\node_modules\npm\node_modules\npm-registry-client\lib\request.js:172:14)
55 verbose stack     at Request.self.callback (C:\Users\Damien\AppData\Local\.meteor\packages\meteor-tool\1.3.2_4\mt-os.windows.x86_32\dev_bundle\lib\node_modules\npm\node_modules\request\request.js:199:22)
55 verbose stack     at Request.emit (events.js:98:17)
55 verbose stack     at Request.<anonymous> (C:\Users\Damien\AppData\Local\.meteor\packages\meteor-tool\1.3.2_4\mt-os.windows.x86_32\dev_bundle\lib\node_modules\npm\node_modules\request\request.js:1036:10)
55 verbose stack     at Request.emit (events.js:117:20)
55 verbose stack     at IncomingMessage.<anonymous> (C:\Users\Damien\AppData\Local\.meteor\packages\meteor-tool\1.3.2_4\mt-os.windows.x86_32\dev_bundle\lib\node_modules\npm\node_modules\request\request.js:963:12)
55 verbose stack     at IncomingMessage.emit (events.js:117:20)
55 verbose stack     at _stream_readable.js:944:16
56 verbose statusCode 404
57 verbose pkgid className
58 verbose cwd C:\Users\Damien\Desktop\meteor\ReactMeteor
59 error Windows_NT 10.0.10586
60 error argv "C:\\Users\\Damien\\AppData\\Local\\.meteor\\packages\\meteor-tool\\1.3.2_4\\mt-os.windows.x86_32\\dev_bundle\\bin\\\\node.exe" "C:\\Users\\Damien\\AppData\\Local\\.meteor\\packages\\meteor-tool\\1.3.2_4\\mt-os.windows.x86_32\\dev_bundle\\lib\\node_modules\\npm\\bin\\npm-cli.js" "install" "--save" "className"
61 error node v0.10.43
62 error npm  v2.14.22
63 error code E404
64 error 404 Registry returned 404 for GET on https://registry.npmjs.org/className
64 error 404
64 error 404 'className' is not in the npm registry.
64 error 404 Your package name is not valid, because
64 error 404
64 error 404  1. name can no longer contain capital letters
64 error 404 It was specified as a dependency of 'twitchlink'
64 error 404
64 error 404 Note that you can also install from a
64 error 404 tarball, folder, http url, or git url.
65 verbose exit [ 1, true ]
